<?xml version="1.0" encoding="UTF-8"?>
<!-- Generated by org.testng.reporters.JUnitReportReporter -->
<testsuite hostname="DESKTOP-MI5MEBA" failures="0" tests="1" name="com.mvn.MainTest" time="0.000" errors="0" timestamp="2024-10-23T07:53:04 IST" skipped="0">
  <testcase classname="com.mvn.MainTest" name="test1" time="0.000"/>
  <system-out/>
</testsuite> <!-- com.mvn.MainTest -->
